# JRE version: Java(TM) SE Runtime Environment (8.0_40-b27) (build 1.8.0_40-b27)
# Java VM: Java HotSpot(TM) 64-Bit Server VM (25.40-b25 mixed mode bsd-amd64 compressed oops)
Heap:
 PSYoungGen      total 201728K, used 26224K [0x00000007aab00000, 0x00000007b8b00000, 0x00000007c0000000)
  eden space 177152K, 14% used [0x00000007aab00000,0x00000007ac49c128,0x00000007b5800000)
  from space 24576K, 0% used [0x00000007b7300000,0x00000007b7300000,0x00000007b8b00000)
  to   space 26112K, 0% used [0x00000007b5800000,0x00000007b5800000,0x00000007b7180000)
 ParOldGen       total 138240K, used 54536K [0x0000000780000000, 0x0000000788700000, 0x00000007aab00000)
  object space 138240K, 39% used [0x0000000780000000,0x00000007835423b0,0x0000000788700000)
 Metaspace       used 50391K, capacity 53122K, committed 53336K, reserved 1095680K
  class space    used 7000K, capacity 7960K, committed 8064K, reserved 1048576K
GC Heap History (10 events):
Event: 18.932 GC heap before
{Heap before GC invocations=12 (full 2):
 PSYoungGen      total 159232K, used 144896K [0x00000007aab00000, 0x00000007b7900000, 0x00000007c0000000)
  eden space 144896K, 100% used [0x00000007aab00000,0x00000007b3880000,0x00000007b3880000)
  from space 14336K, 0% used [0x00000007b3880000,0x00000007b3880000,0x00000007b4680000)
  to   space 17920K, 0% used [0x00000007b6780000,0x00000007b6780000,0x00000007b7900000)
 ParOldGen       total 138240K, used 22981K [0x0000000780000000, 0x0000000788700000, 0x00000007aab00000)
  object space 138240K, 16% used [0x0000000780000000,0x00000007816714d0,0x0000000788700000)
 Metaspace       used 39413K, capacity 40894K, committed 41176K, reserved 1085440K
  class space    used 5408K, capacity 6021K, committed 6144K, reserved 1048576K
Event: 18.967 GC heap after
Heap after GC invocations=12 (full 2):
 PSYoungGen      total 189952K, used 17917K [0x00000007aab00000, 0x00000007b8100000, 0x00000007c0000000)
  eden space 172032K, 0% used [0x00000007aab00000,0x00000007aab00000,0x00000007b5300000)
  from space 17920K, 99% used [0x00000007b6780000,0x00000007b78ff6f8,0x00000007b7900000)
  to   space 20992K, 0% used [0x00000007b5300000,0x00000007b5300000,0x00000007b6780000)
 ParOldGen       total 138240K, used 24074K [0x0000000780000000, 0x0000000788700000, 0x00000007aab00000)
  object space 138240K, 17% used [0x0000000780000000,0x0000000781782a30,0x0000000788700000)
 Metaspace       used 39413K, capacity 40894K, committed 41176K, reserved 1085440K
  class space    used 5408K, capacity 6021K, committed 6144K, reserved 1048576K
}
Event: 20.370 GC heap before
{Heap before GC invocations=13 (full 2):
 PSYoungGen      total 189952K, used 129105K [0x00000007aab00000, 0x00000007b8100000, 0x00000007c0000000)
  eden space 172032K, 64% used [0x00000007aab00000,0x00000007b1794f18,0x00000007b5300000)
  from space 17920K, 99% used [0x00000007b6780000,0x00000007b78ff6f8,0x00000007b7900000)
  to   space 20992K, 0% used [0x00000007b5300000,0x00000007b5300000,0x00000007b6780000)
 ParOldGen       total 138240K, used 24074K [0x0000000780000000, 0x0000000788700000, 0x00000007aab00000)
  object space 138240K, 17% used [0x0000000780000000,0x0000000781782a30,0x0000000788700000)
 Metaspace       used 43035K, capacity 44960K, committed 45144K, reserved 1087488K
  class space    used 5996K, capacity 6737K, committed 6784K, reserved 1048576K
Event: 20.408 GC heap after
Heap after GC invocations=13 (full 2):
 PSYoungGen      total 193024K, used 20980K [0x00000007aab00000, 0x00000007b8e00000, 0x00000007c0000000)
  eden space 172032K, 0% used [0x00000007aab00000,0x00000007aab00000,0x00000007b5300000)
  from space 20992K, 99% used [0x00000007b5300000,0x00000007b677d110,0x00000007b6780000)
  to   space 27648K, 0% used [0x00000007b7300000,0x00000007b7300000,0x00000007b8e00000)
 ParOldGen       total 138240K, used 31588K [0x0000000780000000, 0x0000000788700000, 0x00000007aab00000)
  object space 138240K, 22% used [0x0000000780000000,0x0000000781ed9070,0x0000000788700000)
 Metaspace       used 43035K, capacity 44960K, committed 45144K, reserved 1087488K
  class space    used 5996K, capacity 6737K, committed 6784K, reserved 1048576K
}
Event: 20.408 GC heap before
{Heap before GC invocations=14 (full 3):
 PSYoungGen      total 193024K, used 20980K [0x00000007aab00000, 0x00000007b8e00000, 0x00000007c0000000)
  eden space 172032K, 0% used [0x00000007aab00000,0x00000007aab00000,0x00000007b5300000)
  from space 20992K, 99% used [0x00000007b5300000,0x00000007b677d110,0x00000007b6780000)
  to   space 27648K, 0% used [0x00000007b7300000,0x00000007b7300000,0x00000007b8e00000)
 ParOldGen       total 138240K, used 31588K [0x0000000780000000, 0x0000000788700000, 0x00000007aab00000)
  object space 138240K, 22% used [0x0000000780000000,0x0000000781ed9070,0x0000000788700000)
 Metaspace       used 43035K, capacity 44960K, committed 45144K, reserved 1087488K
  class space    used 5996K, capacity 6737K, committed 6784K, reserved 1048576K
Event: 20.684 GC heap after
Heap after GC invocations=14 (full 3):
 PSYoungGen      total 193024K, used 0K [0x00000007aab00000, 0x00000007b8e00000, 0x00000007c0000000)
  eden space 172032K, 0% used [0x00000007aab00000,0x00000007aab00000,0x00000007b5300000)
  from space 20992K, 0% used [0x00000007b5300000,0x00000007b5300000,0x00000007b6780000)
  to   space 27648K, 0% used [0x00000007b7300000,0x00000007b7300000,0x00000007b8e00000)
 ParOldGen       total 138240K, used 47175K [0x0000000780000000, 0x0000000788700000, 0x00000007aab00000)
  object space 138240K, 34% used [0x0000000780000000,0x0000000782e11d10,0x0000000788700000)
 Metaspace       used 43035K, capacity 44960K, committed 45144K, reserved 1087488K
  class space    used 5996K, capacity 6737K, committed 6784K, reserved 1048576K
}
Event: 277.044 GC heap before
{Heap before GC invocations=15 (full 3):
 PSYoungGen      total 193024K, used 169107K [0x00000007aab00000, 0x00000007b8e00000, 0x00000007c0000000)
  eden space 172032K, 98% used [0x00000007aab00000,0x00000007b5024fe0,0x00000007b5300000)
  from space 20992K, 0% used [0x00000007b5300000,0x00000007b5300000,0x00000007b6780000)
  to   space 27648K, 0% used [0x00000007b7300000,0x00000007b7300000,0x00000007b8e00000)
 ParOldGen       total 138240K, used 47175K [0x0000000780000000, 0x0000000788700000, 0x00000007aab00000)
  object space 138240K, 34% used [0x0000000780000000,0x0000000782e11d10,0x0000000788700000)
 Metaspace       used 50184K, capacity 52830K, committed 52952K, reserved 1093632K
  class space    used 6981K, capacity 7907K, committed 7936K, reserved 1048576K
Event: 277.057 GC heap after
Heap after GC invocations=15 (full 3):
 PSYoungGen      total 201728K, used 9482K [0x00000007aab00000, 0x00000007b8b00000, 0x00000007c0000000)
  eden space 177152K, 0% used [0x00000007aab00000,0x00000007aab00000,0x00000007b5800000)
  from space 24576K, 38% used [0x00000007b7300000,0x00000007b7c42ba8,0x00000007b8b00000)
  to   space 26112K, 0% used [0x00000007b5800000,0x00000007b5800000,0x00000007b7180000)
 ParOldGen       total 138240K, used 47183K [0x0000000780000000, 0x0000000788700000, 0x00000007aab00000)
  object space 138240K, 34% used [0x0000000780000000,0x0000000782e13d10,0x0000000788700000)
 Metaspace       used 50184K, capacity 52830K, committed 52952K, reserved 1093632K
  class space    used 6981K, capacity 7907K, committed 7936K, reserved 1048576K
}
Event: 277.057 GC heap before
{Heap before GC invocations=16 (full 4):
 PSYoungGen      total 201728K, used 9482K [0x00000007aab00000, 0x00000007b8b00000, 0x00000007c0000000)
  eden space 177152K, 0% used [0x00000007aab00000,0x00000007aab00000,0x00000007b5800000)
  from space 24576K, 38% used [0x00000007b7300000,0x00000007b7c42ba8,0x00000007b8b00000)
  to   space 26112K, 0% used [0x00000007b5800000,0x00000007b5800000,0x00000007b7180000)
 ParOldGen       total 138240K, used 47183K [0x0000000780000000, 0x0000000788700000, 0x00000007aab00000)
  object space 138240K, 34% used [0x0000000780000000,0x0000000782e13d10,0x0000000788700000)
 Metaspace       used 50184K, capacity 52830K, committed 52952K, reserved 1093632K
  class space    used 6981K, capacity 7907K, committed 7936K, reserved 1048576K
Event: 277.749 GC heap after
Heap after GC invocations=16 (full 4):
 PSYoungGen      total 201728K, used 0K [0x00000007aab00000, 0x00000007b8b00000, 0x00000007c0000000)
  eden space 177152K, 0% used [0x00000007aab00000,0x00000007aab00000,0x00000007b5800000)
  from space 24576K, 0% used [0x00000007b7300000,0x00000007b7300000,0x00000007b8b00000)
  to   space 26112K, 0% used [0x00000007b5800000,0x00000007b5800000,0x00000007b7180000)
 ParOldGen       total 138240K, used 54536K [0x0000000780000000, 0x0000000788700000, 0x00000007aab00000)
  object space 138240K, 39% used [0x0000000780000000,0x00000007835423b0,0x0000000788700000)
 Metaspace       used 50151K, capacity 52716K, committed 52952K, reserved 1093632K
  class space    used 6973K, capacity 7873K, committed 7936K, reserved 1048576K
}

